2024-03-14 14:59:00,042 WARNING database DDL Query made to DB:
create table `tabTally Migration` (
			name varchar(140) primary key,
			creation datetime(6),
			modified datetime(6),
			modified_by varchar(140),
			owner varchar(140),
			docstatus int(1) not null default '0',
			idx int(8) not null default '0',
			`status` varchar(140),
`master_data` text,
`is_master_data_processed` int(1) not null default 0,
`is_master_data_imported` int(1) not null default 0,
`tally_creditors_account` varchar(140) default 'Sundry Creditors',
`tally_debtors_account` varchar(140) default 'Sundry Debtors',
`tally_company` varchar(140),
`default_uom` varchar(140) default 'Unit',
`erpnext_company` varchar(140),
`chart_of_accounts` text,
`parties` text,
`addresses` text,
`uoms` text,
`items` text,
`vouchers` text,
`default_warehouse` varchar(140),
`default_round_off_account` varchar(140),
`default_cost_center` varchar(140),
`day_book_data` text,
`is_day_book_data_processed` int(1) not null default 0,
`is_day_book_data_imported` int(1) not null default 0,
`failed_import_log` longtext default '[]',
`fixed_errors_log` longtext default '[]',
`_user_tags` text,
`_comments` text,
`_assign` text,
`_liked_by` text,
index modified(modified))
			ENGINE=InnoDB
			ROW_FORMAT=DYNAMIC
			CHARACTER SET=utf8mb4
			COLLATE=utf8mb4_unicode_ci
2024-03-14 14:59:00,318 WARNING database DDL Query made to DB:
create table `tabQuality Goal` (
			name varchar(140) primary key,
			creation datetime(6),
			modified datetime(6),
			modified_by varchar(140),
			owner varchar(140),
			docstatus int(1) not null default '0',
			idx int(8) not null default '0',
			`goal` varchar(140) unique,
`frequency` varchar(140) default 'None',
`procedure` varchar(140),
`weekday` varchar(140),
`date` varchar(140),
`_user_tags` text,
`_comments` text,
`_assign` text,
`_liked_by` text,
index modified(modified))
			ENGINE=InnoDB
			ROW_FORMAT=DYNAMIC
			CHARACTER SET=utf8mb4
			COLLATE=utf8mb4_unicode_ci
2024-03-14 14:59:00,519 WARNING database DDL Query made to DB:
create table `tabQuality Feedback Template` (
			name varchar(140) primary key,
			creation datetime(6),
			modified datetime(6),
			modified_by varchar(140),
			owner varchar(140),
			docstatus int(1) not null default '0',
			idx int(8) not null default '0',
			`template` varchar(140) unique,
`_user_tags` text,
`_comments` text,
`_assign` text,
`_liked_by` text,
index modified(modified))
			ENGINE=InnoDB
			ROW_FORMAT=DYNAMIC
			CHARACTER SET=utf8mb4
			COLLATE=utf8mb4_unicode_ci
2024-03-14 14:59:00,699 WARNING database DDL Query made to DB:
create table `tabQuality Procedure Process` (
			name varchar(140) primary key,
			creation datetime(6),
			modified datetime(6),
			modified_by varchar(140),
			owner varchar(140),
			docstatus int(1) not null default '0',
			idx int(8) not null default '0',
			`process_description` longtext,
`procedure` varchar(140),
parent varchar(140),
parentfield varchar(140),
parenttype varchar(140),
index parent(parent))
			ENGINE=InnoDB
			ROW_FORMAT=DYNAMIC
			CHARACTER SET=utf8mb4
			COLLATE=utf8mb4_unicode_ci
2024-03-14 14:59:00,899 WARNING database DDL Query made to DB:
create table `tabNon Conformance` (
			name varchar(140) primary key,
			creation datetime(6),
			modified datetime(6),
			modified_by varchar(140),
			owner varchar(140),
			docstatus int(1) not null default '0',
			idx int(8) not null default '0',
			`subject` varchar(140),
`procedure` varchar(140),
`process_owner` varchar(140),
`full_name` varchar(140),
`status` varchar(140),
`details` longtext,
`corrective_action` longtext,
`preventive_action` longtext,
`_user_tags` text,
`_comments` text,
`_assign` text,
`_liked_by` text,
index modified(modified))
			ENGINE=InnoDB
			ROW_FORMAT=DYNAMIC
			CHARACTER SET=utf8mb4
			COLLATE=utf8mb4_unicode_ci
2024-03-14 14:59:01,106 WARNING database DDL Query made to DB:
create table `tabQuality Meeting Minutes` (
			name varchar(140) primary key,
			creation datetime(6),
			modified datetime(6),
			modified_by varchar(140),
			owner varchar(140),
			docstatus int(1) not null default '0',
			idx int(8) not null default '0',
			`document_type` varchar(140),
`document_name` varchar(140),
`minute` longtext,
parent varchar(140),
parentfield varchar(140),
parenttype varchar(140),
index parent(parent))
			ENGINE=InnoDB
			ROW_FORMAT=DYNAMIC
			CHARACTER SET=utf8mb4
			COLLATE=utf8mb4_unicode_ci
2024-03-14 14:59:01,288 WARNING database DDL Query made to DB:
create table `tabQuality Meeting` (
			name varchar(140) primary key,
			creation datetime(6),
			modified datetime(6),
			modified_by varchar(140),
			owner varchar(140),
			docstatus int(1) not null default '0',
			idx int(8) not null default '0',
			`status` varchar(140) default 'Open',
`_user_tags` text,
`_comments` text,
`_assign` text,
`_liked_by` text,
index modified(modified))
			ENGINE=InnoDB
			ROW_FORMAT=DYNAMIC
			CHARACTER SET=utf8mb4
			COLLATE=utf8mb4_unicode_ci
2024-03-14 14:59:01,495 WARNING database DDL Query made to DB:
create table `tabQuality Review Objective` (
			name varchar(140) primary key,
			creation datetime(6),
			modified datetime(6),
			modified_by varchar(140),
			owner varchar(140),
			docstatus int(1) not null default '0',
			idx int(8) not null default '0',
			`objective` text,
`target` varchar(140),
`uom` varchar(140),
`status` varchar(140) default 'Open',
`review` longtext,
parent varchar(140),
parentfield varchar(140),
parenttype varchar(140),
index parent(parent))
			ENGINE=InnoDB
			ROW_FORMAT=DYNAMIC
			CHARACTER SET=utf8mb4
			COLLATE=utf8mb4_unicode_ci
2024-03-14 14:59:01,671 WARNING database DDL Query made to DB:
create table `tabQuality Feedback Template Parameter` (
			name varchar(140) primary key,
			creation datetime(6),
			modified datetime(6),
			modified_by varchar(140),
			owner varchar(140),
			docstatus int(1) not null default '0',
			idx int(8) not null default '0',
			`parameter` varchar(140),
parent varchar(140),
parentfield varchar(140),
parenttype varchar(140),
index parent(parent))
			ENGINE=InnoDB
			ROW_FORMAT=DYNAMIC
			CHARACTER SET=utf8mb4
			COLLATE=utf8mb4_unicode_ci
2024-03-14 14:59:01,864 WARNING database DDL Query made to DB:
create table `tabQuality Review` (
			name varchar(140) primary key,
			creation datetime(6),
			modified datetime(6),
			modified_by varchar(140),
			owner varchar(140),
			docstatus int(1) not null default '0',
			idx int(8) not null default '0',
			`goal` varchar(140),
`date` date,
`procedure` varchar(140),
`status` varchar(140) default 'Open',
`additional_information` text,
`_user_tags` text,
`_comments` text,
`_assign` text,
`_liked_by` text,
index modified(modified))
			ENGINE=InnoDB
			ROW_FORMAT=DYNAMIC
			CHARACTER SET=utf8mb4
			COLLATE=utf8mb4_unicode_ci
2024-03-14 14:59:02,066 WARNING database DDL Query made to DB:
create table `tabQuality Action Resolution` (
			name varchar(140) primary key,
			creation datetime(6),
			modified datetime(6),
			modified_by varchar(140),
			owner varchar(140),
			docstatus int(1) not null default '0',
			idx int(8) not null default '0',
			`problem` longtext,
`resolution` longtext,
`status` varchar(140),
`responsible` varchar(140),
`completion_by` date,
parent varchar(140),
parentfield varchar(140),
parenttype varchar(140),
index parent(parent))
			ENGINE=InnoDB
			ROW_FORMAT=DYNAMIC
			CHARACTER SET=utf8mb4
			COLLATE=utf8mb4_unicode_ci
2024-03-14 14:59:02,248 WARNING database DDL Query made to DB:
create table `tabQuality Feedback Parameter` (
			name varchar(140) primary key,
			creation datetime(6),
			modified datetime(6),
			modified_by varchar(140),
			owner varchar(140),
			docstatus int(1) not null default '0',
			idx int(8) not null default '0',
			`parameter` varchar(140),
`rating` varchar(140) default '1',
`feedback` longtext,
parent varchar(140),
parentfield varchar(140),
parenttype varchar(140),
index parent(parent))
			ENGINE=InnoDB
			ROW_FORMAT=DYNAMIC
			CHARACTER SET=utf8mb4
			COLLATE=utf8mb4_unicode_ci
2024-03-14 14:59:02,457 WARNING database DDL Query made to DB:
create table `tabQuality Procedure` (
			name varchar(140) primary key,
			creation datetime(6),
			modified datetime(6),
			modified_by varchar(140),
			owner varchar(140),
			docstatus int(1) not null default '0',
			idx int(8) not null default '0',
			`quality_procedure_name` varchar(140) unique,
`process_owner` varchar(140),
`process_owner_full_name` varchar(140),
`parent_quality_procedure` varchar(140),
`is_group` int(1) not null default 0,
`rgt` int(11) not null default 0,
`lft` int(11) not null default 0,
`old_parent` varchar(140),
`_user_tags` text,
`_comments` text,
`_assign` text,
`_liked_by` text,
index modified(modified))
			ENGINE=InnoDB
			ROW_FORMAT=DYNAMIC
			CHARACTER SET=utf8mb4
			COLLATE=utf8mb4_unicode_ci
2024-03-14 14:59:02,664 WARNING database DDL Query made to DB:
create table `tabQuality Action` (
			name varchar(140) primary key,
			creation datetime(6),
			modified datetime(6),
			modified_by varchar(140),
			owner varchar(140),
			docstatus int(1) not null default '0',
			idx int(8) not null default '0',
			`corrective_preventive` varchar(140) default 'Corrective',
`review` varchar(140),
`feedback` varchar(140),
`status` varchar(140) default 'Open',
`date` date,
`goal` varchar(140),
`procedure` varchar(140),
`_user_tags` text,
`_comments` text,
`_assign` text,
`_liked_by` text,
index modified(modified))
			ENGINE=InnoDB
			ROW_FORMAT=DYNAMIC
			CHARACTER SET=utf8mb4
			COLLATE=utf8mb4_unicode_ci
2024-03-14 14:59:02,837 WARNING database DDL Query made to DB:
create table `tabQuality Meeting Agenda` (
			name varchar(140) primary key,
			creation datetime(6),
			modified datetime(6),
			modified_by varchar(140),
			owner varchar(140),
			docstatus int(1) not null default '0',
			idx int(8) not null default '0',
			`agenda` longtext,
parent varchar(140),
parentfield varchar(140),
parenttype varchar(140),
index parent(parent))
			ENGINE=InnoDB
			ROW_FORMAT=DYNAMIC
			CHARACTER SET=utf8mb4
			COLLATE=utf8mb4_unicode_ci
2024-03-14 14:59:03,023 WARNING database DDL Query made to DB:
create table `tabQuality Goal Objective` (
			name varchar(140) primary key,
			creation datetime(6),
			modified datetime(6),
			modified_by varchar(140),
			owner varchar(140),
			docstatus int(1) not null default '0',
			idx int(8) not null default '0',
			`objective` text,
`target` varchar(140),
`uom` varchar(140),
parent varchar(140),
parentfield varchar(140),
parenttype varchar(140),
index parent(parent))
			ENGINE=InnoDB
			ROW_FORMAT=DYNAMIC
			CHARACTER SET=utf8mb4
			COLLATE=utf8mb4_unicode_ci
2024-03-14 14:59:03,216 WARNING database DDL Query made to DB:
create table `tabQuality Feedback` (
			name varchar(140) primary key,
			creation datetime(6),
			modified datetime(6),
			modified_by varchar(140),
			owner varchar(140),
			docstatus int(1) not null default '0',
			idx int(8) not null default '0',
			`template` varchar(140),
`document_type` varchar(140),
`document_name` varchar(140),
`_user_tags` text,
`_comments` text,
`_assign` text,
`_liked_by` text,
index modified(modified))
			ENGINE=InnoDB
			ROW_FORMAT=DYNAMIC
			CHARACTER SET=utf8mb4
			COLLATE=utf8mb4_unicode_ci
2024-03-14 14:59:03,491 WARNING database DDL Query made to DB:
create table `tabCommunication Medium Timeslot` (
			name varchar(140) primary key,
			creation datetime(6),
			modified datetime(6),
			modified_by varchar(140),
			owner varchar(140),
			docstatus int(1) not null default '0',
			idx int(8) not null default '0',
			`day_of_week` varchar(140),
`from_time` time(6),
`to_time` time(6),
`employee_group` varchar(140),
parent varchar(140),
parentfield varchar(140),
parenttype varchar(140),
index parent(parent))
			ENGINE=InnoDB
			ROW_FORMAT=DYNAMIC
			CHARACTER SET=utf8mb4
			COLLATE=utf8mb4_unicode_ci
2024-03-14 14:59:03,691 WARNING database DDL Query made to DB:
create table `tabCommunication Medium` (
			name varchar(140) primary key,
			creation datetime(6),
			modified datetime(6),
			modified_by varchar(140),
			owner varchar(140),
			docstatus int(1) not null default '0',
			idx int(8) not null default '0',
			`communication_channel` varchar(140),
`communication_medium_type` varchar(140),
`catch_all` varchar(140),
`provider` varchar(140),
`disabled` int(1) not null default 0,
`_user_tags` text,
`_comments` text,
`_assign` text,
`_liked_by` text,
index modified(modified))
			ENGINE=InnoDB
			ROW_FORMAT=DYNAMIC
			CHARACTER SET=utf8mb4
			COLLATE=utf8mb4_unicode_ci
2024-03-14 14:59:03,909 WARNING database DDL Query made to DB:
create table `tabVoice Call Settings` (
			name varchar(140) primary key,
			creation datetime(6),
			modified datetime(6),
			modified_by varchar(140),
			owner varchar(140),
			docstatus int(1) not null default '0',
			idx int(8) not null default '0',
			`user` varchar(140) unique,
`call_receiving_device` varchar(140) default 'Computer',
`greeting_message` varchar(140),
`agent_busy_message` varchar(140),
`agent_unavailable_message` varchar(140),
`_user_tags` text,
`_comments` text,
`_assign` text,
`_liked_by` text,
index modified(modified))
			ENGINE=InnoDB
			ROW_FORMAT=DYNAMIC
			CHARACTER SET=utf8mb4
			COLLATE=utf8mb4_unicode_ci
2024-03-14 14:59:04,157 WARNING database DDL Query made to DB:
create table `tabCall Log` (
			name varchar(140) primary key,
			creation datetime(6),
			modified datetime(6),
			modified_by varchar(140),
			owner varchar(140),
			docstatus int(1) not null default '0',
			idx int(8) not null default '0',
			`id` varchar(140) unique,
`from` varchar(140),
`to` varchar(140),
`call_received_by` varchar(140),
`employee_user_id` varchar(140),
`medium` varchar(140),
`start_time` datetime(6),
`end_time` datetime(6),
`type` varchar(140),
`customer` varchar(140),
`status` varchar(140),
`duration` decimal(21,9),
`recording_url` varchar(140),
`type_of_call` varchar(140),
`summary` text,
`_user_tags` text,
`_comments` text,
`_assign` text,
`_liked_by` text,
index modified(modified))
			ENGINE=InnoDB
			ROW_FORMAT=DYNAMIC
			CHARACTER SET=utf8mb4
			COLLATE=utf8mb4_unicode_ci
2024-03-14 14:59:04,371 WARNING database DDL Query made to DB:
create table `tabIncoming Call Settings` (
			name varchar(140) primary key,
			creation datetime(6),
			modified datetime(6),
			modified_by varchar(140),
			owner varchar(140),
			docstatus int(1) not null default '0',
			idx int(8) not null default '0',
			`call_routing` varchar(140) default 'Sequential',
`greeting_message` varchar(140),
`agent_busy_message` varchar(140),
`agent_unavailable_message` varchar(140),
`_user_tags` text,
`_comments` text,
`_assign` text,
`_liked_by` text,
index modified(modified))
			ENGINE=InnoDB
			ROW_FORMAT=DYNAMIC
			CHARACTER SET=utf8mb4
			COLLATE=utf8mb4_unicode_ci
2024-03-14 14:59:04,577 WARNING database DDL Query made to DB:
create table `tabIncoming Call Handling Schedule` (
			name varchar(140) primary key,
			creation datetime(6),
			modified datetime(6),
			modified_by varchar(140),
			owner varchar(140),
			docstatus int(1) not null default '0',
			idx int(8) not null default '0',
			`day_of_week` varchar(140),
`from_time` time(6) default '9:00:00',
`to_time` time(6) default '17:00:00',
`agent_group` varchar(140),
parent varchar(140),
parentfield varchar(140),
parenttype varchar(140),
index parent(parent))
			ENGINE=InnoDB
			ROW_FORMAT=DYNAMIC
			CHARACTER SET=utf8mb4
			COLLATE=utf8mb4_unicode_ci
2024-03-14 14:59:04,754 WARNING database DDL Query made to DB:
create table `tabTelephony Call Type` (
			name varchar(140) primary key,
			creation datetime(6),
			modified datetime(6),
			modified_by varchar(140),
			owner varchar(140),
			docstatus int(1) not null default '0',
			idx int(8) not null default '0',
			`call_type` varchar(140) unique,
`amended_from` varchar(140),
`_user_tags` text,
`_comments` text,
`_assign` text,
`_liked_by` text,
index modified(modified))
			ENGINE=InnoDB
			ROW_FORMAT=DYNAMIC
			CHARACTER SET=utf8mb4
			COLLATE=utf8mb4_unicode_ci
2024-03-14 14:59:04,985 WARNING database DDL Query made to DB:
create table `tabBulk Transaction Log Detail` (
			name varchar(140) primary key,
			creation datetime(6),
			modified datetime(6),
			modified_by varchar(140),
			owner varchar(140),
			docstatus int(1) not null default '0',
			idx int(8) not null default '0',
			`from_doctype` varchar(140),
`transaction_name` varchar(140),
`date` date,
`time` time(6),
`transaction_status` varchar(140),
`error_description` longtext,
`to_doctype` varchar(140),
`retried` int(11) not null default 0,
`_user_tags` text,
`_comments` text,
`_assign` text,
`_liked_by` text,
index `from_doctype`(`from_doctype`),
index `transaction_name`(`transaction_name`),
index `date`(`date`),
index modified(modified))
			ENGINE=InnoDB
			ROW_FORMAT=DYNAMIC
			CHARACTER SET=utf8mb4
			COLLATE=utf8mb4_unicode_ci
2024-03-14 14:59:05,532 WARNING database DDL Query made to DB:
create table `tabSubcontracting Receipt` (
			name varchar(140) primary key,
			creation datetime(6),
			modified datetime(6),
			modified_by varchar(140),
			owner varchar(140),
			docstatus int(1) not null default '0',
			idx int(8) not null default '0',
			`title` varchar(140) default '{supplier_name}',
`naming_series` varchar(140),
`supplier` varchar(140),
`supplier_name` varchar(140),
`supplier_delivery_note` varchar(140),
`company` varchar(140),
`posting_date` date,
`posting_time` time(6),
`set_posting_time` int(1) not null default 0,
`is_return` int(1) not null default 0,
`return_against` varchar(140),
`cost_center` varchar(140),
`project` varchar(140),
`supplier_address` varchar(140),
`contact_person` varchar(140),
`address_display` text,
`contact_display` text,
`contact_mobile` text,
`contact_email` text,
`shipping_address` varchar(140),
`shipping_address_display` text,
`billing_address` varchar(140),
`billing_address_display` text,
`set_warehouse` varchar(140),
`rejected_warehouse` varchar(140),
`supplier_warehouse` varchar(140),
`total_qty` decimal(21,9) not null default 0,
`total` decimal(21,9) not null default 0,
`distribute_additional_costs_based_on` varchar(140) default 'Qty',
`total_additional_costs` decimal(21,9) not null default 0,
`in_words` varchar(240),
`bill_no` varchar(140),
`bill_date` date,
`status` varchar(140) default 'Draft',
`per_returned` decimal(21,9) not null default 0,
`amended_from` varchar(140),
`range` varchar(140),
`represents_company` varchar(140),
`auto_repeat` varchar(140),
`letter_head` varchar(140),
`language` varchar(140),
`instructions` text,
`select_print_heading` varchar(140),
`remarks` text,
`transporter_name` varchar(140),
`lr_no` varchar(140),
`lr_date` date,
`_user_tags` text,
`_comments` text,
`_assign` text,
`_liked_by` text,
index `supplier`(`supplier`),
index `posting_date`(`posting_date`),
index `status`(`status`),
index modified(modified))
			ENGINE=InnoDB
			ROW_FORMAT=DYNAMIC
			CHARACTER SET=utf8mb4
			COLLATE=utf8mb4_unicode_ci
2024-03-14 14:59:05,916 WARNING database DDL Query made to DB:
create table `tabSubcontracting Receipt Item` (
			name varchar(140) primary key,
			creation datetime(6),
			modified datetime(6),
			modified_by varchar(140),
			owner varchar(140),
			docstatus int(1) not null default '0',
			idx int(8) not null default '0',
			`item_code` varchar(140),
`item_name` varchar(140),
`is_scrap_item` int(1) not null default 0,
`description` longtext,
`brand` varchar(140),
`image` text,
`received_qty` decimal(21,9) not null default 0,
`qty` decimal(21,9) not null default 0,
`rejected_qty` decimal(21,9) not null default 0,
`returned_qty` decimal(21,9) not null default 0,
`stock_uom` varchar(140),
`conversion_factor` decimal(21,9) not null default 1.0,
`rate` decimal(21,9) not null default 0,
`amount` decimal(21,9) not null default 0,
`rm_cost_per_qty` decimal(21,9) not null default 0,
`service_cost_per_qty` decimal(21,9) not null default 0,
`additional_cost_per_qty` decimal(21,9) not null default 0,
`scrap_cost_per_qty` decimal(21,9) not null default 0,
`rm_supp_cost` decimal(21,9) not null default 0,
`warehouse` varchar(140),
`subcontracting_order` varchar(140),
`subcontracting_order_item` varchar(140),
`subcontracting_receipt_item` varchar(140),
`rejected_warehouse` varchar(140),
`bom` varchar(140),
`include_exploded_items` int(1) not null default 0,
`quality_inspection` varchar(140),
`schedule_date` date,
`reference_name` varchar(140),
`serial_and_batch_bundle` varchar(140),
`use_serial_batch_fields` int(1) not null default 0,
`rejected_serial_and_batch_bundle` varchar(140),
`serial_no` text,
`rejected_serial_no` text,
`batch_no` varchar(140),
`manufacturer` varchar(140),
`manufacturer_part_no` varchar(140),
`expense_account` varchar(140),
`cost_center` varchar(140),
`project` varchar(140),
`page_break` int(1) not null default 0,
`purchase_order` varchar(140),
`purchase_order_item` varchar(140),
index `item_code`(`item_code`),
index `subcontracting_order`(`subcontracting_order`),
index `subcontracting_order_item`(`subcontracting_order_item`),
index `purchase_order`(`purchase_order`),
index `purchase_order_item`(`purchase_order_item`),
parent varchar(140),
parentfield varchar(140),
parenttype varchar(140),
index parent(parent))
			ENGINE=InnoDB
			ROW_FORMAT=DYNAMIC
			CHARACTER SET=utf8mb4
			COLLATE=utf8mb4_unicode_ci
2024-03-14 14:59:06,152 WARNING database DDL Query made to DB:
create table `tabSubcontracting BOM` (
			name varchar(140) primary key,
			creation datetime(6),
			modified datetime(6),
			modified_by varchar(140),
			owner varchar(140),
			docstatus int(1) not null default '0',
			idx int(8) not null default '0',
			`is_active` int(1) not null default 1,
`finished_good` varchar(140),
`finished_good_qty` decimal(21,9) not null default 1.0,
`finished_good_uom` varchar(140),
`finished_good_bom` varchar(140),
`service_item` varchar(140),
`service_item_qty` decimal(21,9) not null default 1.0,
`service_item_uom` varchar(140),
`conversion_factor` decimal(21,9) not null default 0,
`_user_tags` text,
`_comments` text,
`_assign` text,
`_liked_by` text,
index `finished_good`(`finished_good`),
index `finished_good_bom`(`finished_good_bom`),
index `service_item`(`service_item`),
index modified(modified))
			ENGINE=InnoDB
			ROW_FORMAT=DYNAMIC
			CHARACTER SET=utf8mb4
			COLLATE=utf8mb4_unicode_ci
2024-03-14 14:59:06,509 WARNING database DDL Query made to DB:
create table `tabSubcontracting Order` (
			name varchar(140) primary key,
			creation datetime(6),
			modified datetime(6),
			modified_by varchar(140),
			owner varchar(140),
			docstatus int(1) not null default '0',
			idx int(8) not null default '0',
			`title` varchar(140) default '{supplier_name}',
`naming_series` varchar(140),
`purchase_order` varchar(140),
`supplier` varchar(140),
`supplier_name` varchar(140),
`supplier_warehouse` varchar(140),
`company` varchar(140),
`transaction_date` date,
`schedule_date` date,
`amended_from` varchar(140),
`cost_center` varchar(140),
`project` varchar(140),
`supplier_address` varchar(140),
`address_display` text,
`contact_person` varchar(140),
`contact_display` text,
`contact_mobile` text,
`contact_email` text,
`shipping_address` varchar(140),
`shipping_address_display` text,
`billing_address` varchar(140),
`billing_address_display` text,
`set_warehouse` varchar(140),
`total_qty` decimal(21,9) not null default 0,
`total` decimal(21,9) not null default 0,
`set_reserve_warehouse` varchar(140),
`distribute_additional_costs_based_on` varchar(140) default 'Qty',
`total_additional_costs` decimal(21,9) not null default 0,
`status` varchar(140) default 'Draft',
`per_received` decimal(21,9) not null default 0,
`select_print_heading` varchar(140),
`letter_head` varchar(140),
`_user_tags` text,
`_comments` text,
`_assign` text,
`_liked_by` text,
index `supplier`(`supplier`),
index `transaction_date`(`transaction_date`),
index `status`(`status`),
index modified(modified))
			ENGINE=InnoDB
			ROW_FORMAT=DYNAMIC
			CHARACTER SET=utf8mb4
			COLLATE=utf8mb4_unicode_ci
2024-03-14 14:59:06,872 WARNING database DDL Query made to DB:
create table `tabSubcontracting Order Item` (
			name varchar(140) primary key,
			creation datetime(6),
			modified datetime(6),
			modified_by varchar(140),
			owner varchar(140),
			docstatus int(1) not null default '0',
			idx int(8) not null default '0',
			`item_code` varchar(140),
`item_name` varchar(140),
`bom` varchar(140),
`include_exploded_items` int(1) not null default 0,
`schedule_date` date,
`expected_delivery_date` date,
`description` longtext,
`image` text,
`qty` decimal(21,9) not null default 1.0,
`received_qty` decimal(21,9) not null default 0,
`returned_qty` decimal(21,9) not null default 0,
`stock_uom` varchar(140),
`conversion_factor` decimal(21,9) not null default 1.0,
`rate` decimal(21,9) not null default 0,
`amount` decimal(21,9) not null default 0,
`rm_cost_per_qty` decimal(21,9) not null default 0,
`service_cost_per_qty` decimal(21,9) not null default 0,
`additional_cost_per_qty` decimal(21,9) not null default 0,
`warehouse` varchar(140),
`expense_account` varchar(140),
`manufacturer` varchar(140),
`manufacturer_part_no` varchar(140),
`material_request` varchar(140),
`material_request_item` varchar(140),
`cost_center` varchar(140),
`project` varchar(140),
`purchase_order_item` varchar(140),
`page_break` int(1) not null default 0,
index `item_code`(`item_code`),
index `expected_delivery_date`(`expected_delivery_date`),
index `material_request`(`material_request`),
index `material_request_item`(`material_request_item`),
index `purchase_order_item`(`purchase_order_item`),
parent varchar(140),
parentfield varchar(140),
parenttype varchar(140),
index parent(parent))
			ENGINE=InnoDB
			ROW_FORMAT=DYNAMIC
			CHARACTER SET=utf8mb4
			COLLATE=utf8mb4_unicode_ci
2024-03-14 14:59:07,102 WARNING database DDL Query made to DB:
create table `tabSubcontracting Receipt Supplied Item` (
			name varchar(140) primary key,
			creation datetime(6),
			modified datetime(6),
			modified_by varchar(140),
			owner varchar(140),
			docstatus int(1) not null default '0',
			idx int(8) not null default '0',
			`main_item_code` varchar(140),
`rm_item_code` varchar(140),
`item_name` varchar(140),
`bom_detail_no` varchar(140),
`description` longtext,
`stock_uom` varchar(140),
`conversion_factor` decimal(21,9) not null default 1.0,
`reference_name` varchar(140),
`rate` decimal(21,9) not null default 0,
`amount` decimal(21,9) not null default 0,
`available_qty_for_consumption` decimal(21,9) not null default 0,
`required_qty` decimal(21,9) not null default 0,
`consumed_qty` decimal(21,9) not null default 0,
`current_stock` decimal(21,9) not null default 0,
`serial_and_batch_bundle` varchar(140),
`use_serial_batch_fields` int(1) not null default 0,
`subcontracting_order` varchar(140),
`serial_no` text,
`batch_no` varchar(140),
parent varchar(140),
parentfield varchar(140),
parenttype varchar(140),
index parent(parent))
			ENGINE=InnoDB
			ROW_FORMAT=DYNAMIC
			CHARACTER SET=utf8mb4
			COLLATE=utf8mb4_unicode_ci
2024-03-14 14:59:07,306 WARNING database DDL Query made to DB:
create table `tabSubcontracting Order Supplied Item` (
			name varchar(140) primary key,
			creation datetime(6),
			modified datetime(6),
			modified_by varchar(140),
			owner varchar(140),
			docstatus int(1) not null default '0',
			idx int(8) not null default '0',
			`main_item_code` varchar(140),
`rm_item_code` varchar(140),
`stock_uom` varchar(140),
`conversion_factor` decimal(21,9) not null default 1.0,
`reserve_warehouse` varchar(140),
`bom_detail_no` varchar(140),
`reference_name` varchar(140),
`rate` decimal(21,9) not null default 0,
`amount` decimal(21,9) not null default 0,
`required_qty` decimal(21,9) not null default 0,
`supplied_qty` decimal(21,9) not null default 0,
`consumed_qty` decimal(21,9) not null default 0,
`returned_qty` decimal(21,9) not null default 0,
`total_supplied_qty` decimal(21,9) not null default 0,
parent varchar(140),
parentfield varchar(140),
parenttype varchar(140),
index parent(parent))
			ENGINE=InnoDB
			ROW_FORMAT=DYNAMIC
			CHARACTER SET=utf8mb4
			COLLATE=utf8mb4_unicode_ci
2024-03-14 14:59:07,538 WARNING database DDL Query made to DB:
create table `tabSubcontracting Order Service Item` (
			name varchar(140) primary key,
			creation datetime(6),
			modified datetime(6),
			modified_by varchar(140),
			owner varchar(140),
			docstatus int(1) not null default '0',
			idx int(8) not null default '0',
			`item_code` varchar(140),
`item_name` varchar(140),
`qty` decimal(21,9) not null default 0,
`rate` decimal(21,9) not null default 0,
`amount` decimal(21,9) not null default 0,
`fg_item` varchar(140),
`fg_item_qty` decimal(21,9) not null default 1.0,
`purchase_order_item` varchar(140),
`material_request` varchar(140),
`material_request_item` varchar(140),
index `item_code`(`item_code`),
index `purchase_order_item`(`purchase_order_item`),
parent varchar(140),
parentfield varchar(140),
parenttype varchar(140),
index parent(parent))
			ENGINE=InnoDB
			ROW_FORMAT=DYNAMIC
			CHARACTER SET=utf8mb4
			COLLATE=utf8mb4_unicode_ci
2024-03-14 14:59:19,367 WARNING database DDL Query made to DB:
ALTER TABLE `tabAddress` ADD COLUMN `tax_category` varchar(140), ADD COLUMN `is_your_company_address` int(1) not null default 0
2024-03-14 14:59:19,670 WARNING database DDL Query made to DB:
ALTER TABLE `tabContact` ADD COLUMN `is_billing_contact` int(1) not null default 0
2024-03-15 16:08:16,366 WARNING database DDL Query made to DB:
create table `tabstudent` (
			name varchar(140) primary key,
			creation datetime(6),
			modified datetime(6),
			modified_by varchar(140),
			owner varchar(140),
			docstatus int(1) not null default '0',
			idx int(8) not null default '0',
			`_user_tags` text,
`_comments` text,
`_assign` text,
`_liked_by` text,
index modified(modified))
			ENGINE=InnoDB
			ROW_FORMAT=DYNAMIC
			CHARACTER SET=utf8mb4
			COLLATE=utf8mb4_unicode_ci
2024-03-15 16:09:49,010 WARNING database DDL Query made to DB:
ALTER TABLE `tabstudent` ADD COLUMN `first_name` varchar(140)
2024-03-15 16:11:08,745 WARNING database DDL Query made to DB:
ALTER TABLE `tabstudent` ADD COLUMN `middel_name` varchar(140)
2024-03-15 16:11:48,169 WARNING database DDL Query made to DB:
ALTER TABLE `tabstudent` ADD COLUMN `last_name` varchar(140)
2024-03-15 16:14:03,126 WARNING database DDL Query made to DB:
ALTER TABLE `tabstudent` ADD COLUMN `full_name` varchar(140)
2024-03-15 16:32:38,549 WARNING database DDL Query made to DB:
ALTER TABLE `tabstudent` ADD COLUMN `naming_series` varchar(140), ADD COLUMN `date_of_birth` date, ADD COLUMN `e_mail` varchar(140), ADD COLUMN `gender` varchar(140)
2024-03-15 16:39:37,067 WARNING database DDL Query made to DB:
ALTER TABLE `tabstudent` ADD COLUMN `nationality` varchar(140)
2024-03-15 16:56:36,116 WARNING database DDL Query made to DB:
ALTER TABLE `tabstudent` ADD COLUMN `blood_group` varchar(140)
2024-03-17 11:56:24,735 WARNING database DDL Query made to DB:
create table `tabStudent Doctype` (
			name varchar(140) primary key,
			creation datetime(6),
			modified datetime(6),
			modified_by varchar(140),
			owner varchar(140),
			docstatus int(1) not null default '0',
			idx int(8) not null default '0',
			`_user_tags` text,
`_comments` text,
`_assign` text,
`_liked_by` text,
index modified(modified))
			ENGINE=InnoDB
			ROW_FORMAT=DYNAMIC
			CHARACTER SET=utf8mb4
			COLLATE=utf8mb4_unicode_ci
2024-03-17 12:05:37,275 WARNING database DDL Query made to DB:
ALTER TABLE `tabStudent Doctype` ADD COLUMN `first_name` varchar(140), ADD COLUMN `middel_name` varchar(140), ADD COLUMN `last_name` varchar(140), ADD COLUMN `date_of_birth` date, ADD COLUMN `e_mail` varchar(140), ADD COLUMN `gender` varchar(140), ADD COLUMN `nationality` varchar(140), ADD COLUMN `blood_group` varchar(140)
2024-03-17 17:14:28,847 WARNING database DDL Query made to DB:
ALTER TABLE `tabStudent Doctype` ADD COLUMN `naming_series` varchar(140)
2024-03-18 11:29:26,756 WARNING database DDL Query made to DB:
ALTER TABLE `tabStudent Doctype` ADD COLUMN `full_name` varchar(140), ADD COLUMN `joining_date` date, ADD COLUMN `active` int(1) not null default 0
2024-03-18 12:10:44,974 WARNING database DDL Query made to DB:
create table `tabStudent Docktype1` (
			name varchar(140) primary key,
			creation datetime(6),
			modified datetime(6),
			modified_by varchar(140),
			owner varchar(140),
			docstatus int(1) not null default '0',
			idx int(8) not null default '0',
			`_user_tags` text,
`_comments` text,
`_assign` text,
`_liked_by` text,
index modified(modified))
			ENGINE=InnoDB
			ROW_FORMAT=DYNAMIC
			CHARACTER SET=utf8mb4
			COLLATE=utf8mb4_unicode_ci
2024-03-18 12:14:55,447 WARNING database DDL Query made to DB:
ALTER TABLE `tabStudent Docktype1` ADD COLUMN `first_name` varchar(140), ADD COLUMN `middel_name` varchar(140), ADD COLUMN `last_name` varchar(140), ADD COLUMN `full_name` varchar(140), ADD COLUMN `date_of_birth` date, ADD COLUMN `e_mail` varchar(140), ADD COLUMN `gender` varchar(140), ADD COLUMN `nationality` varchar(140), ADD COLUMN `blood_group` varchar(140), ADD COLUMN `joining_date` date, ADD COLUMN `active` int(1) not null default 0
2024-03-18 13:09:00,608 WARNING database DDL Query made to DB:
create table `tabProgram Docktype` (
			name varchar(140) primary key,
			creation datetime(6),
			modified datetime(6),
			modified_by varchar(140),
			owner varchar(140),
			docstatus int(1) not null default '0',
			idx int(8) not null default '0',
			`_user_tags` text,
`_comments` text,
`_assign` text,
`_liked_by` text,
index modified(modified))
			ENGINE=InnoDB
			ROW_FORMAT=DYNAMIC
			CHARACTER SET=utf8mb4
			COLLATE=utf8mb4_unicode_ci
2024-03-18 13:46:08,062 WARNING database DDL Query made to DB:
RENAME TABLE `tabProgram Docktype` TO `tabProgram Doctype`
2024-03-18 14:39:45,091 WARNING database DDL Query made to DB:
ALTER TABLE `tabProgram Doctype` ADD COLUMN `program_name` varchar(140), ADD COLUMN `description` varchar(140), ADD COLUMN `start_date` varchar(140), ADD COLUMN `end_date` varchar(140), ADD COLUMN `duration` decimal(21,9) not null default 0, ADD COLUMN `total_credits` decimal(21,9) not null default 0, ADD COLUMN `status` varchar(140), ADD COLUMN `instructor` varchar(140), ADD COLUMN `courses` varchar(140)
2024-03-18 14:42:36,916 WARNING database DDL Query made to DB:
ALTER TABLE `tabProgram Doctype` MODIFY `total_credits` decimal(21,9) not null default 0, MODIFY `duration` decimal(21,9) not null default 0
2024-03-18 14:43:03,301 WARNING database DDL Query made to DB:
ALTER TABLE `tabProgram Doctype` MODIFY `total_credits` decimal(21,9) not null default 0, MODIFY `duration` decimal(21,9) not null default 0
2024-03-18 14:44:08,003 WARNING database DDL Query made to DB:
create table `tabCourse` (
			name varchar(140) primary key,
			creation datetime(6),
			modified datetime(6),
			modified_by varchar(140),
			owner varchar(140),
			docstatus int(1) not null default '0',
			idx int(8) not null default '0',
			`_user_tags` text,
`_comments` text,
`_assign` text,
`_liked_by` text,
index modified(modified))
			ENGINE=InnoDB
			ROW_FORMAT=DYNAMIC
			CHARACTER SET=utf8mb4
			COLLATE=utf8mb4_unicode_ci
2024-03-18 14:48:25,631 WARNING database DDL Query made to DB:
create table `tabchild table` (
			name varchar(140) primary key,
			creation datetime(6),
			modified datetime(6),
			modified_by varchar(140),
			owner varchar(140),
			docstatus int(1) not null default '0',
			idx int(8) not null default '0',
			parent varchar(140),
parentfield varchar(140),
parenttype varchar(140),
index parent(parent))
			ENGINE=InnoDB
			ROW_FORMAT=DYNAMIC
			CHARACTER SET=utf8mb4
			COLLATE=utf8mb4_unicode_ci
2024-03-18 14:53:35,858 WARNING database DDL Query made to DB:
RENAME TABLE `tabchild table` TO `tabTopics`
2024-03-18 14:58:01,521 WARNING database DDL Query made to DB:
alter table `tabTopics` add column if not exists parent varchar(140)
2024-03-18 14:58:01,525 WARNING database DDL Query made to DB:
alter table `tabTopics` add column if not exists parenttype varchar(140)
2024-03-18 14:58:01,527 WARNING database DDL Query made to DB:
alter table `tabTopics` add column if not exists parentfield varchar(140)
2024-03-18 14:58:01,770 WARNING database DDL Query made to DB:
ALTER TABLE `tabTopics` ADD COLUMN `topic_name` varchar(140), ADD COLUMN `topic_description` varchar(140)
2024-03-18 15:22:36,472 WARNING database DDL Query made to DB:
ALTER TABLE `tabProgram Doctype` MODIFY `total_credits` decimal(21,9) not null default 0, MODIFY `duration` decimal(21,9) not null default 0
2024-03-18 17:04:56,407 WARNING database DDL Query made to DB:
ALTER TABLE `tabCourse` ADD COLUMN `course_name` varchar(140), ADD COLUMN `course_code` varchar(140), ADD COLUMN `credits` varchar(140), ADD COLUMN `academic_year` varchar(140)
2024-03-18 17:13:20,882 WARNING database DDL Query made to DB:
alter table `tabCourse` add column if not exists parent varchar(140)
2024-03-18 17:13:20,944 WARNING database DDL Query made to DB:
alter table `tabCourse` add column if not exists parenttype varchar(140)
2024-03-18 17:13:21,010 WARNING database DDL Query made to DB:
alter table `tabCourse` add column if not exists parentfield varchar(140)
2024-03-18 17:15:51,736 WARNING database DDL Query made to DB:
ALTER TABLE `tabProgram Doctype` ADD COLUMN `topic` varchar(140)
2024-03-18 17:15:51,736 WARNING database DDL Query made to DB:
ALTER TABLE `tabProgram Doctype` ADD COLUMN `topic` varchar(140)
2024-03-18 17:15:51,736 WARNING database DDL Query made to DB:
ALTER TABLE `tabProgram Doctype` ADD COLUMN `topic` varchar(140)
2024-03-18 17:15:51,816 WARNING database DDL Query made to DB:
ALTER TABLE `tabProgram Doctype` MODIFY `duration` decimal(21,9) not null default 0, MODIFY `total_credits` decimal(21,9) not null default 0
2024-03-18 17:15:51,816 WARNING database DDL Query made to DB:
ALTER TABLE `tabProgram Doctype` MODIFY `duration` decimal(21,9) not null default 0, MODIFY `total_credits` decimal(21,9) not null default 0
2024-03-18 17:15:51,816 WARNING database DDL Query made to DB:
ALTER TABLE `tabProgram Doctype` MODIFY `duration` decimal(21,9) not null default 0, MODIFY `total_credits` decimal(21,9) not null default 0
2024-03-18 17:20:29,540 WARNING database DDL Query made to DB:
alter table `tabCourse` add column if not exists parent varchar(140)
2024-03-18 17:20:29,543 WARNING database DDL Query made to DB:
alter table `tabCourse` add column if not exists parenttype varchar(140)
2024-03-18 17:20:29,546 WARNING database DDL Query made to DB:
alter table `tabCourse` add column if not exists parentfield varchar(140)
2024-03-18 18:52:48,894 WARNING database DDL Query made to DB:
ALTER TABLE `tabStudent Doctype` ADD COLUMN `address` varchar(140)
2024-03-19 10:55:41,342 WARNING database DDL Query made to DB:
create table `tabStudent detail` (
			name varchar(140) primary key,
			creation datetime(6),
			modified datetime(6),
			modified_by varchar(140),
			owner varchar(140),
			docstatus int(1) not null default '0',
			idx int(8) not null default '0',
			`_user_tags` text,
`_comments` text,
`_assign` text,
`_liked_by` text,
index modified(modified))
			ENGINE=InnoDB
			ROW_FORMAT=DYNAMIC
			CHARACTER SET=utf8mb4
			COLLATE=utf8mb4_unicode_ci
2024-03-19 11:02:51,691 WARNING database DDL Query made to DB:
ALTER TABLE `tabStudent detail` ADD COLUMN `first_name` varchar(140), ADD COLUMN `middel_name` varchar(140), ADD COLUMN `last_name` varchar(140), ADD COLUMN `full_name` varchar(140), ADD COLUMN `date_of_birth` date, ADD COLUMN `e_mail` varchar(140), ADD COLUMN `active` int(1) not null default 0, ADD COLUMN `gender` varchar(140), ADD COLUMN `nationality` varchar(140), ADD COLUMN `blood_group` varchar(140), ADD COLUMN `joining_date` varchar(140), ADD COLUMN `primary_data` varchar(140), ADD COLUMN `address` varchar(140)
2024-03-19 11:06:50,715 WARNING database DDL Query made to DB:
create table `tabProgram detail` (
			name varchar(140) primary key,
			creation datetime(6),
			modified datetime(6),
			modified_by varchar(140),
			owner varchar(140),
			docstatus int(1) not null default '0',
			idx int(8) not null default '0',
			`_user_tags` text,
`_comments` text,
`_assign` text,
`_liked_by` text,
index modified(modified))
			ENGINE=InnoDB
			ROW_FORMAT=DYNAMIC
			CHARACTER SET=utf8mb4
			COLLATE=utf8mb4_unicode_ci
2024-03-19 11:14:59,151 WARNING database DDL Query made to DB:
create table `tabTopics Details` (
			name varchar(140) primary key,
			creation datetime(6),
			modified datetime(6),
			modified_by varchar(140),
			owner varchar(140),
			docstatus int(1) not null default '0',
			idx int(8) not null default '0',
			parent varchar(140),
parentfield varchar(140),
parenttype varchar(140),
index parent(parent))
			ENGINE=InnoDB
			ROW_FORMAT=DYNAMIC
			CHARACTER SET=utf8mb4
			COLLATE=utf8mb4_unicode_ci
2024-03-19 11:16:06,977 WARNING database DDL Query made to DB:
alter table `tabTopics Details` add column if not exists parent varchar(140)
2024-03-19 11:16:06,978 WARNING database DDL Query made to DB:
alter table `tabTopics Details` add column if not exists parenttype varchar(140)
2024-03-19 11:16:06,980 WARNING database DDL Query made to DB:
alter table `tabTopics Details` add column if not exists parentfield varchar(140)
2024-03-19 11:16:07,139 WARNING database DDL Query made to DB:
ALTER TABLE `tabTopics Details` ADD COLUMN `topic_name` varchar(140), ADD COLUMN `topic_description` varchar(140)
2024-03-19 11:16:26,092 WARNING database DDL Query made to DB:
ALTER TABLE `tabProgram detail` ADD COLUMN `program_name` varchar(140), ADD COLUMN `description` varchar(140), ADD COLUMN `start_date` date, ADD COLUMN `end_date` date, ADD COLUMN `duration` decimal(21,9), ADD COLUMN `total_credit` decimal(21,9) not null default 0, ADD COLUMN `status` varchar(140), ADD COLUMN `instructor` varchar(140), ADD COLUMN `topic` varchar(140)
2024-03-19 11:17:25,884 WARNING database DDL Query made to DB:
ALTER TABLE `tabProgram detail` MODIFY `duration` decimal(21,9), MODIFY `total_credit` decimal(21,9) not null default 0
2024-03-19 11:18:52,714 WARNING database DDL Query made to DB:
create table `tabCourse Details` (
			name varchar(140) primary key,
			creation datetime(6),
			modified datetime(6),
			modified_by varchar(140),
			owner varchar(140),
			docstatus int(1) not null default '0',
			idx int(8) not null default '0',
			parent varchar(140),
parentfield varchar(140),
parenttype varchar(140),
index parent(parent))
			ENGINE=InnoDB
			ROW_FORMAT=DYNAMIC
			CHARACTER SET=utf8mb4
			COLLATE=utf8mb4_unicode_ci
2024-03-19 11:21:47,798 WARNING database DDL Query made to DB:
alter table `tabCourse Details` add column if not exists parent varchar(140)
2024-03-19 11:21:47,800 WARNING database DDL Query made to DB:
alter table `tabCourse Details` add column if not exists parenttype varchar(140)
2024-03-19 11:21:47,801 WARNING database DDL Query made to DB:
alter table `tabCourse Details` add column if not exists parentfield varchar(140)
2024-03-19 11:21:47,975 WARNING database DDL Query made to DB:
ALTER TABLE `tabCourse Details` ADD COLUMN `course_name` varchar(140), ADD COLUMN `course_code` varchar(140), ADD COLUMN `credits` varchar(140), ADD COLUMN `academic_year` varchar(140)
2024-03-19 11:31:04,171 WARNING database DDL Query made to DB:
ALTER TABLE `tabProgram detail` MODIFY `duration` decimal(21,9), MODIFY `total_credit` decimal(21,9) not null default 0
2024-03-19 11:46:31,049 WARNING database DDL Query made to DB:
ALTER TABLE `tabStudent detail` MODIFY `joining_date` date
2024-03-19 14:14:54,603 WARNING database DDL Query made to DB:
create table `tabstudent details` (
			name varchar(140) primary key,
			creation datetime(6),
			modified datetime(6),
			modified_by varchar(140),
			owner varchar(140),
			docstatus int(1) not null default '0',
			idx int(8) not null default '0',
			`_user_tags` text,
`_comments` text,
`_assign` text,
`_liked_by` text,
index modified(modified))
			ENGINE=InnoDB
			ROW_FORMAT=DYNAMIC
			CHARACTER SET=utf8mb4
			COLLATE=utf8mb4_unicode_ci
2024-03-19 14:23:42,709 WARNING database DDL Query made to DB:
ALTER TABLE `tabstudent details` ADD COLUMN `first_name` varchar(140), ADD COLUMN `middel_name` varchar(140), ADD COLUMN `last_name` varchar(140), ADD COLUMN `full_name` varchar(140), ADD COLUMN `date_of_birth` date, ADD COLUMN `e_mail` varchar(140), ADD COLUMN `active` int(1) not null default 0, ADD COLUMN `gender` varchar(140), ADD COLUMN `nationality` varchar(140), ADD COLUMN `blood_group` varchar(140), ADD COLUMN `joining_date` date, ADD COLUMN `primary_address` varchar(140)
2024-03-19 17:53:49,919 WARNING database DDL Query made to DB:
create table `tabparticipants` (
			name varchar(140) primary key,
			creation datetime(6),
			modified datetime(6),
			modified_by varchar(140),
			owner varchar(140),
			docstatus int(1) not null default '0',
			idx int(8) not null default '0',
			parent varchar(140),
parentfield varchar(140),
parenttype varchar(140),
index parent(parent))
			ENGINE=InnoDB
			ROW_FORMAT=DYNAMIC
			CHARACTER SET=utf8mb4
			COLLATE=utf8mb4_unicode_ci
2024-03-19 17:59:52,631 WARNING database DDL Query made to DB:
alter table `tabparticipants` add column if not exists parent varchar(140)
2024-03-19 17:59:52,638 WARNING database DDL Query made to DB:
alter table `tabparticipants` add column if not exists parenttype varchar(140)
2024-03-19 17:59:52,641 WARNING database DDL Query made to DB:
alter table `tabparticipants` add column if not exists parentfield varchar(140)
2024-03-19 17:59:52,988 WARNING database DDL Query made to DB:
ALTER TABLE `tabparticipants` ADD COLUMN `participant` varchar(140)
2024-03-19 18:03:45,953 WARNING database DDL Query made to DB:
ALTER TABLE `tabProgram detail` ADD COLUMN `courses` int(1) not null default 0, ADD COLUMN `participants` varchar(140)
2024-03-19 18:03:46,014 WARNING database DDL Query made to DB:
ALTER TABLE `tabProgram detail` MODIFY `total_credit` decimal(21,9) not null default 0, MODIFY `duration` decimal(21,9)
2024-03-19 21:45:49,345 WARNING database DDL Query made to DB:
alter table `tabDocType` add column if not exists migration_hash varchar(140)
2024-03-19 21:45:52,220 WARNING database DDL Query made to DB:
ALTER TABLE `tabPrint Heading` DROP INDEX `print_heading`
2024-03-19 21:45:55,013 WARNING database DDL Query made to DB:
ALTER TABLE `tabPrint Heading` ADD UNIQUE INDEX IF NOT EXISTS print_heading (`print_heading`)
2024-03-19 21:45:57,557 WARNING database DDL Query made to DB:
ALTER TABLE `tabProgram detail` MODIFY `total_credit` decimal(21,9) not null default 0, MODIFY `duration` decimal(21,9)
2024-03-19 21:55:04,102 WARNING database DDL Query made to DB:
alter table `tabDocType` add column if not exists migration_hash varchar(140)
2024-03-19 21:55:07,468 WARNING database DDL Query made to DB:
ALTER TABLE `tabPrint Heading` DROP INDEX `print_heading`
2024-03-19 21:55:10,835 WARNING database DDL Query made to DB:
ALTER TABLE `tabPrint Heading` ADD UNIQUE INDEX IF NOT EXISTS print_heading (`print_heading`)
2024-03-19 22:09:20,483 WARNING database DDL Query made to DB:
ALTER TABLE `tabstudent details` ADD COLUMN `amended_from` varchar(140)
2024-03-19 22:09:20,642 WARNING database DDL Query made to DB:
ALTER TABLE `tabstudent details` ADD INDEX `amended_from_index`(`amended_from`)
2024-03-20 15:05:06,891 WARNING database DDL Query made to DB:
create table `tabclintside script doctype` (
			name varchar(140) primary key,
			creation datetime(6),
			modified datetime(6),
			modified_by varchar(140),
			owner varchar(140),
			docstatus int(1) not null default '0',
			idx int(8) not null default '0',
			`amended_from` varchar(140),
`_user_tags` text,
`_comments` text,
`_assign` text,
`_liked_by` text,
index `amended_from`(`amended_from`),
index modified(modified))
			ENGINE=InnoDB
			ROW_FORMAT=DYNAMIC
			CHARACTER SET=utf8mb4
			COLLATE=utf8mb4_unicode_ci
2024-03-20 16:32:33,239 WARNING database DDL Query made to DB:
RENAME TABLE `tabclintside script doctype` TO `tabCustomer cs doctype`
2024-03-20 16:40:39,734 WARNING database DDL Query made to DB:
ALTER TABLE `tabCustomer cs doctype` ADD COLUMN `first_name` varchar(140) unique, ADD COLUMN `last_name` varchar(140), ADD COLUMN `mobile_no` date, ADD COLUMN `email` varchar(140), ADD COLUMN `address` varchar(140)
2024-03-20 16:40:39,751 WARNING database DDL Query made to DB:
ALTER TABLE `tabCustomer cs doctype` ADD UNIQUE INDEX IF NOT EXISTS first_name (`first_name`)
2024-03-20 16:41:37,597 WARNING database DDL Query made to DB:
create table `tabaddress cs` (
			name varchar(140) primary key,
			creation datetime(6),
			modified datetime(6),
			modified_by varchar(140),
			owner varchar(140),
			docstatus int(1) not null default '0',
			idx int(8) not null default '0',
			`_user_tags` text,
`_comments` text,
`_assign` text,
`_liked_by` text,
index modified(modified))
			ENGINE=InnoDB
			ROW_FORMAT=DYNAMIC
			CHARACTER SET=utf8mb4
			COLLATE=utf8mb4_unicode_ci
2024-03-20 16:47:27,860 WARNING database DDL Query made to DB:
alter table `tabaddress cs` add column if not exists parent varchar(140)
2024-03-20 16:47:27,911 WARNING database DDL Query made to DB:
alter table `tabaddress cs` add column if not exists parenttype varchar(140)
2024-03-20 16:47:27,963 WARNING database DDL Query made to DB:
alter table `tabaddress cs` add column if not exists parentfield varchar(140)
2024-03-20 16:47:28,249 WARNING database DDL Query made to DB:
ALTER TABLE `tabaddress cs` ADD COLUMN `address_title` varchar(140) unique, ADD COLUMN `address_type` varchar(140), ADD COLUMN `address_line_1` varchar(140), ADD COLUMN `address_line_2` varchar(140), ADD COLUMN `city` varchar(140), ADD COLUMN `country` varchar(140), ADD COLUMN `pin_code` varchar(140)
2024-03-20 16:47:28,252 WARNING database DDL Query made to DB:
ALTER TABLE `tabaddress cs` ADD UNIQUE INDEX IF NOT EXISTS address_title (`address_title`)
2024-03-20 16:54:57,946 WARNING database DDL Query made to DB:
ALTER TABLE `tabCustomer cs doctype` ADD COLUMN `full_name` varchar(140)
2024-03-20 16:56:47,277 WARNING database DDL Query made to DB:
ALTER TABLE `tabCustomer cs doctype` MODIFY `mobile_no` varchar(140)
2024-03-20 17:08:09,484 WARNING database DDL Query made to DB:
alter table `tabaddress cs` add column if not exists parent varchar(140)
2024-03-20 17:08:09,498 WARNING database DDL Query made to DB:
alter table `tabaddress cs` add column if not exists parenttype varchar(140)
2024-03-20 17:08:09,501 WARNING database DDL Query made to DB:
alter table `tabaddress cs` add column if not exists parentfield varchar(140)
2024-03-21 11:58:02,354 WARNING database DDL Query made to DB:
create table `tabJob Apply` (
			name varchar(140) primary key,
			creation datetime(6),
			modified datetime(6),
			modified_by varchar(140),
			owner varchar(140),
			docstatus int(1) not null default '0',
			idx int(8) not null default '0',
			`amended_from` varchar(140),
`_user_tags` text,
`_comments` text,
`_assign` text,
`_liked_by` text,
index `amended_from`(`amended_from`),
index modified(modified))
			ENGINE=InnoDB
			ROW_FORMAT=DYNAMIC
			CHARACTER SET=utf8mb4
			COLLATE=utf8mb4_unicode_ci
2024-03-21 12:00:58,918 WARNING database DDL Query made to DB:
ALTER TABLE `tabJob Apply` ADD COLUMN `role` varchar(140)
2024-03-21 15:08:11,147 WARNING database DDL Query made to DB:
create table `tabDetails` (
			name varchar(140) primary key,
			creation datetime(6),
			modified datetime(6),
			modified_by varchar(140),
			owner varchar(140),
			docstatus int(1) not null default '0',
			idx int(8) not null default '0',
			parent varchar(140),
parentfield varchar(140),
parenttype varchar(140),
index parent(parent))
			ENGINE=InnoDB
			ROW_FORMAT=DYNAMIC
			CHARACTER SET=utf8mb4
			COLLATE=utf8mb4_unicode_ci
2024-03-21 15:16:09,354 WARNING database DDL Query made to DB:
alter table `tabDetails` add column if not exists parent varchar(140)
2024-03-21 15:16:09,373 WARNING database DDL Query made to DB:
alter table `tabDetails` add column if not exists parenttype varchar(140)
2024-03-21 15:16:09,376 WARNING database DDL Query made to DB:
alter table `tabDetails` add column if not exists parentfield varchar(140)
2024-03-21 15:16:09,770 WARNING database DDL Query made to DB:
ALTER TABLE `tabDetails` ADD COLUMN `language` varchar(140), ADD COLUMN `framework` varchar(140), ADD COLUMN `ides` varchar(140), ADD COLUMN `applied_date` date, ADD COLUMN `initials` varchar(140)
2024-03-21 15:16:18,702 WARNING database DDL Query made to DB:
alter table `tabDetails` add column if not exists parent varchar(140)
2024-03-21 15:16:18,705 WARNING database DDL Query made to DB:
alter table `tabDetails` add column if not exists parenttype varchar(140)
2024-03-21 15:16:18,709 WARNING database DDL Query made to DB:
alter table `tabDetails` add column if not exists parentfield varchar(140)
2024-03-21 15:16:18,881 WARNING database DDL Query made to DB:
create sequence if not exists details_id_seq nocache nocycle
2024-03-21 15:16:18,998 WARNING database DDL Query made to DB:
ALTER TABLE `tabDetails` MODIFY `name` bigint
2024-03-22 11:21:58,734 WARNING database DDL Query made to DB:
alter table `tabDetails` add column if not exists parent varchar(140)
2024-03-22 11:21:58,744 WARNING database DDL Query made to DB:
alter table `tabDetails` add column if not exists parenttype varchar(140)
2024-03-22 11:21:58,745 WARNING database DDL Query made to DB:
alter table `tabDetails` add column if not exists parentfield varchar(140)
2024-03-22 11:21:59,132 WARNING database DDL Query made to DB:
ALTER TABLE `tabDetails` ADD COLUMN `bug_tracking_system` varchar(140), ADD COLUMN `automation_experience` varchar(140), ADD COLUMN `test_environments` varchar(140), ADD COLUMN `design_style` varchar(140), ADD COLUMN `color_theory_knowledge` varchar(140), ADD COLUMN `typography_skills` varchar(140), ADD COLUMN `uiux_experience` int(11) not null default 0
2024-03-22 12:02:53,467 WARNING database DDL Query made to DB:
alter table `tabDetails` add column if not exists parent varchar(140)
2024-03-22 12:02:53,481 WARNING database DDL Query made to DB:
alter table `tabDetails` add column if not exists parenttype varchar(140)
2024-03-22 12:02:53,482 WARNING database DDL Query made to DB:
alter table `tabDetails` add column if not exists parentfield varchar(140)
2024-03-22 13:05:16,445 WARNING database DDL Query made to DB:
ALTER TABLE `tabJob Apply` ADD COLUMN `details` varchar(140)
2024-03-22 13:33:18,737 WARNING database DDL Query made to DB:
alter table `tabDetails` add column if not exists parent varchar(140)
2024-03-22 13:33:18,755 WARNING database DDL Query made to DB:
alter table `tabDetails` add column if not exists parenttype varchar(140)
2024-03-22 13:33:18,758 WARNING database DDL Query made to DB:
alter table `tabDetails` add column if not exists parentfield varchar(140)
